This is pdfTeX, Version 3.1415926-2.3-1.40.12 (TeX Live 2011) (format=pdflatex 2011.7.3)  17 AUG 2012 11:48
entering extended mode
 \write18 enabled.
 file:line:error style messages enabled.
 %&-line parsing enabled.
**12lecture2.tex
(./12lecture2.tex
LaTeX2e <2009/09/24>
Babel <v3.8l> and hyphenation patterns for english, dumylang, nohyphenation, ge
rman-x-2009-06-19, ngerman-x-2009-06-19, afrikaans, ancientgreek, ibycus, arabi
c, armenian, basque, bulgarian, catalan, pinyin, coptic, croatian, czech, danis
h, dutch, ukenglish, usenglishmax, esperanto, estonian, ethiopic, farsi, finnis
h, french, galician, german, ngerman, swissgerman, monogreek, greek, hungarian,
 icelandic, assamese, bengali, gujarati, hindi, kannada, malayalam, marathi, or
iya, panjabi, tamil, telugu, indonesian, interlingua, irish, italian, kurmanji,
 lao, latin, latvian, lithuanian, mongolian, mongolianlmc, bokmal, nynorsk, pol
ish, portuguese, romanian, russian, sanskrit, serbian, serbianc, slovak, sloven
ian, spanish, swedish, turkish, turkmen, ukrainian, uppersorbian, welsh, loaded
.
(/usr/local/texlive/2011/texmf-dist/tex/latex/base/article.cls
Document Class: article 2007/10/19 v1.4h Standard LaTeX document class
(/usr/local/texlive/2011/texmf-dist/tex/latex/base/size11.clo
File: size11.clo 2007/10/19 v1.4h Standard LaTeX file (size option)
)
\c@part=\count79
\c@section=\count80
\c@subsection=\count81
\c@subsubsection=\count82
\c@paragraph=\count83
\c@subparagraph=\count84
\c@figure=\count85
\c@table=\count86
\abovecaptionskip=\skip41
\belowcaptionskip=\skip42
\bibindent=\dimen102
)
(/usr/local/texlive/2011/texmf-dist/tex/latex/amsmath/amsmath.sty
Package: amsmath 2000/07/18 v2.13 AMS math features
\@mathmargin=\skip43

For additional information on amsmath, use the `?' option.
(/usr/local/texlive/2011/texmf-dist/tex/latex/amsmath/amstext.sty
Package: amstext 2000/06/29 v2.01

(/usr/local/texlive/2011/texmf-dist/tex/latex/amsmath/amsgen.sty
File: amsgen.sty 1999/11/30 v2.0
\@emptytoks=\toks14
\ex@=\dimen103
))
(/usr/local/texlive/2011/texmf-dist/tex/latex/amsmath/amsbsy.sty
Package: amsbsy 1999/11/29 v1.2d
\pmbraise@=\dimen104
)
(/usr/local/texlive/2011/texmf-dist/tex/latex/amsmath/amsopn.sty
Package: amsopn 1999/12/14 v2.01 operator names
)
\inf@bad=\count87
LaTeX Info: Redefining \frac on input line 211.
\uproot@=\count88
\leftroot@=\count89
LaTeX Info: Redefining \overline on input line 307.
\classnum@=\count90
\DOTSCASE@=\count91
LaTeX Info: Redefining \ldots on input line 379.
LaTeX Info: Redefining \dots on input line 382.
LaTeX Info: Redefining \cdots on input line 467.
\Mathstrutbox@=\box26
\strutbox@=\box27
\big@size=\dimen105
LaTeX Font Info:    Redeclaring font encoding OML on input line 567.
LaTeX Font Info:    Redeclaring font encoding OMS on input line 568.
\macc@depth=\count92
\c@MaxMatrixCols=\count93
\dotsspace@=\muskip10
\c@parentequation=\count94
\dspbrk@lvl=\count95
\tag@help=\toks15
\row@=\count96
\column@=\count97
\maxfields@=\count98
\andhelp@=\toks16
\eqnshift@=\dimen106
\alignsep@=\dimen107
\tagshift@=\dimen108
\tagwidth@=\dimen109
\totwidth@=\dimen110
\lineht@=\dimen111
\@envbody=\toks17
\multlinegap=\skip44
\multlinetaggap=\skip45
\mathdisplay@stack=\toks18
LaTeX Info: Redefining \[ on input line 2666.
LaTeX Info: Redefining \] on input line 2667.
)
(/usr/local/texlive/2011/texmf-dist/tex/latex/amsfonts/amssymb.sty
Package: amssymb 2009/06/22 v3.00

(/usr/local/texlive/2011/texmf-dist/tex/latex/amsfonts/amsfonts.sty
Package: amsfonts 2009/06/22 v3.00 Basic AMSFonts support
\symAMSa=\mathgroup4
\symAMSb=\mathgroup5
LaTeX Font Info:    Overwriting math alphabet `\mathfrak' in version `bold'
(Font)                  U/euf/m/n --> U/euf/b/n on input line 96.
))
(/usr/local/texlive/2011/texmf-dist/tex/generic/epsf/epsf.sty
This is `epsf.tex' v2.7.4 <14 February 2011>
\epsffilein=\read1
\epsfframemargin=\dimen112
\epsfframethickness=\dimen113
\epsfrsize=\dimen114
\epsftmp=\dimen115
\epsftsize=\dimen116
\epsfxsize=\dimen117
\epsfysize=\dimen118
\pspoints=\dimen119
) (/usr/local/texlive/2011/texmf-dist/tex/latex/graphics/epsfig.sty
Package: epsfig 1999/02/16 v1.7a (e)psfig emulation (SPQR)

(/usr/local/texlive/2011/texmf-dist/tex/latex/graphics/graphicx.sty
Package: graphicx 1999/02/16 v1.0f Enhanced LaTeX Graphics (DPC,SPQR)

(/usr/local/texlive/2011/texmf-dist/tex/latex/graphics/keyval.sty
Package: keyval 1999/03/16 v1.13 key=value parser (DPC)
\KV@toks@=\toks19
)
(/usr/local/texlive/2011/texmf-dist/tex/latex/graphics/graphics.sty
Package: graphics 2009/02/05 v1.0o Standard LaTeX Graphics (DPC,SPQR)

(/usr/local/texlive/2011/texmf-dist/tex/latex/graphics/trig.sty
Package: trig 1999/03/16 v1.09 sin cos tan (DPC)
)
(/usr/local/texlive/2011/texmf-dist/tex/latex/latexconfig/graphics.cfg
File: graphics.cfg 2010/04/23 v1.9 graphics configuration of TeX Live
)
Package graphics Info: Driver file: pdftex.def on input line 91.

(/usr/local/texlive/2011/texmf-dist/tex/latex/pdftex-def/pdftex.def
File: pdftex.def 2011/05/27 v0.06d Graphics/color for pdfTeX

(/usr/local/texlive/2011/texmf-dist/tex/generic/oberdiek/infwarerr.sty
Package: infwarerr 2010/04/08 v1.3 Providing info/warning/message (HO)
)
(/usr/local/texlive/2011/texmf-dist/tex/generic/oberdiek/ltxcmds.sty
Package: ltxcmds 2011/04/18 v1.20 LaTeX kernel commands for general use (HO)
)
\Gread@gobject=\count99
))
\Gin@req@height=\dimen120
\Gin@req@width=\dimen121
)
\epsfxsize=\dimen122
\epsfysize=\dimen123
)
(/usr/local/texlive/2011/texmf-dist/tex/generic/dvips/rotate.sty
\@rotdimen=\dimen124
\@rotbox=\box28
)
(/usr/local/texlive/2011/texmf-dist/tex/latex/hyperref/hyperref.sty
Package: hyperref 2011/04/17 v6.82g Hypertext links for LaTeX

(/usr/local/texlive/2011/texmf-dist/tex/generic/oberdiek/hobsub-hyperref.sty
Package: hobsub-hyperref 2011/04/23 v1.4 Bundle oberdiek, subset hyperref (HO)

(/usr/local/texlive/2011/texmf-dist/tex/generic/oberdiek/hobsub-generic.sty
Package: hobsub-generic 2011/04/23 v1.4 Bundle oberdiek, subset generic (HO)
Package: hobsub 2011/04/23 v1.4 Subsetting bundle oberdiek (HO)
Package hobsub Info: Skipping package `infwarerr' (already loaded).
Package hobsub Info: Skipping package `ltxcmds' (already loaded).
Package: ifluatex 2010/03/01 v1.3 Provides the ifluatex switch (HO)
Package ifluatex Info: LuaTeX not detected.
Package: ifvtex 2010/03/01 v1.5 Switches for detecting VTeX and its modes (HO)
Package ifvtex Info: VTeX not detected.
Package: intcalc 2007/09/27 v1.1 Expandable integer calculations (HO)
Package: ifpdf 2011/01/30 v2.3 Provides the ifpdf switch (HO)
Package ifpdf Info: pdfTeX in PDF mode is detected.
Package: etexcmds 2011/02/16 v1.5 Prefix for e-TeX command names (HO)
Package etexcmds Info: Could not find \expanded.
(etexcmds)             That can mean that you are not using pdfTeX 1.50 or
(etexcmds)             that some package has redefined \expanded.
(etexcmds)             In the latter case, load this package earlier.
Package: kvsetkeys 2011/04/07 v1.13 Key value parser (HO)
Package: kvdefinekeys 2011/04/07 v1.3 Defining keys (HO)
Package: pdftexcmds 2011/04/22 v0.16 Utilities of pdfTeX for LuaTeX (HO)
Package pdftexcmds Info: LuaTeX not detected.
Package pdftexcmds Info: \pdf@primitive is available.
Package pdftexcmds Info: \pdf@ifprimitive is available.
Package pdftexcmds Info: \pdfdraftmode found.
Package: pdfescape 2011/04/04 v1.12 Provides string conversions (HO)
Package: bigintcalc 2011/01/30 v1.2 Expandable big integer calculations (HO)
Package: bitset 2011/01/30 v1.1 Data type bit set (HO)
Package: uniquecounter 2011/01/30 v1.2 Provides unlimited unique counter (HO)
)
Package hobsub Info: Skipping package `hobsub' (already loaded).
Package: letltxmacro 2010/09/02 v1.4 Let assignment for LaTeX macros (HO)
Package: hopatch 2011/01/30 v1.0 Wrapper for package hooks (HO)
Package: xcolor-patch 2011/01/30 xcolor patch
Package: atveryend 2011/04/23 v1.7 Hooks at very end of document (HO)
Package atveryend Info: \enddocument detected (standard).
Package: atbegshi 2011/01/30 v1.15 At begin shipout hook (HO)
Package: refcount 2010/12/01 v3.2 Data extraction from references (HO)
Package: hycolor 2011/01/30 v1.7 Color options of hyperref/bookmark (HO)
)
(/usr/local/texlive/2011/texmf-dist/tex/generic/ifxetex/ifxetex.sty
Package: ifxetex 2010/09/12 v0.6 Provides ifxetex conditional
)
(/usr/local/texlive/2011/texmf-dist/tex/latex/oberdiek/kvoptions.sty
Package: kvoptions 2010/12/23 v3.10 Keyval support for LaTeX options (HO)
)
\@linkdim=\dimen125
\Hy@linkcounter=\count100
\Hy@pagecounter=\count101

(/usr/local/texlive/2011/texmf-dist/tex/latex/hyperref/pd1enc.def
File: pd1enc.def 2011/04/17 v6.82g Hyperref: PDFDocEncoding definition (HO)
)
\Hy@SavedSpaceFactor=\count102

(/usr/local/texlive/2011/texmf-dist/tex/latex/latexconfig/hyperref.cfg
File: hyperref.cfg 2002/06/06 v1.2 hyperref configuration of TeXLive
)
Package hyperref Info: Hyper figures OFF on input line 4026.
Package hyperref Info: Link nesting OFF on input line 4031.
Package hyperref Info: Hyper index ON on input line 4034.
Package hyperref Info: Plain pages OFF on input line 4041.
Package hyperref Info: Backreferencing OFF on input line 4046.
Package hyperref Info: Implicit mode ON; LaTeX internals redefined.
Package hyperref Info: Bookmarks ON on input line 4264.
\c@Hy@tempcnt=\count103

(/usr/local/texlive/2011/texmf-dist/tex/latex/url/url.sty
\Urlmuskip=\muskip11
Package: url 2006/04/12  ver 3.3  Verb mode for urls, etc.
)
LaTeX Info: Redefining \url on input line 4617.
\Fld@menulength=\count104
\Field@Width=\dimen126
\Fld@charsize=\dimen127
Package hyperref Info: Hyper figures OFF on input line 5701.
Package hyperref Info: Link nesting OFF on input line 5706.
Package hyperref Info: Hyper index ON on input line 5709.
Package hyperref Info: backreferencing OFF on input line 5716.
Package hyperref Info: Link coloring OFF on input line 5721.
Package hyperref Info: Link coloring with OCG OFF on input line 5726.
Package hyperref Info: PDF/A mode OFF on input line 5731.
LaTeX Info: Redefining \ref on input line 5771.
LaTeX Info: Redefining \pageref on input line 5775.
\Hy@abspage=\count105
\c@Item=\count106
\c@Hfootnote=\count107
)

Package hyperref Message: Driver (autodetected): hpdftex.

(/usr/local/texlive/2011/texmf-dist/tex/latex/hyperref/hpdftex.def
File: hpdftex.def 2011/04/17 v6.82g Hyperref driver for pdfTeX
\Fld@listcount=\count108
\c@bookmark@seq@number=\count109

(/usr/local/texlive/2011/texmf-dist/tex/latex/oberdiek/rerunfilecheck.sty
Package: rerunfilecheck 2011/04/15 v1.7 Rerun checks for auxiliary files (HO)
Package uniquecounter Info: New unique counter `rerunfilecheck' on input line 2
82.
)
\Hy@SectionHShift=\skip46
)
(./12lecture2.aux)
\openout1 = `12lecture2.aux'.

LaTeX Font Info:    Checking defaults for OML/cmm/m/it on input line 66.
LaTeX Font Info:    ... okay on input line 66.
LaTeX Font Info:    Checking defaults for T1/cmr/m/n on input line 66.
LaTeX Font Info:    ... okay on input line 66.
LaTeX Font Info:    Checking defaults for OT1/cmr/m/n on input line 66.
LaTeX Font Info:    ... okay on input line 66.
LaTeX Font Info:    Checking defaults for OMS/cmsy/m/n on input line 66.
LaTeX Font Info:    ... okay on input line 66.
LaTeX Font Info:    Checking defaults for OMX/cmex/m/n on input line 66.
LaTeX Font Info:    ... okay on input line 66.
LaTeX Font Info:    Checking defaults for U/cmr/m/n on input line 66.
LaTeX Font Info:    ... okay on input line 66.
LaTeX Font Info:    Checking defaults for PD1/pdf/m/n on input line 66.
LaTeX Font Info:    ... okay on input line 66.

(/usr/local/texlive/2011/texmf-dist/tex/context/base/supp-pdf.mkii
[Loading MPS to PDF converter (version 2006.09.02).]
\scratchcounter=\count110
\scratchdimen=\dimen128
\scratchbox=\box29
\nofMPsegments=\count111
\nofMParguments=\count112
\everyMPshowfont=\toks20
\MPscratchCnt=\count113
\MPscratchDim=\dimen129
\MPnumerator=\count114
\makeMPintoPDFobject=\count115
\everyMPtoPDFconversion=\toks21
) (/usr/local/texlive/2011/texmf-dist/tex/latex/oberdiek/epstopdf-base.sty
Package: epstopdf-base 2010/02/09 v2.5 Base part for package epstopdf

(/usr/local/texlive/2011/texmf-dist/tex/latex/oberdiek/grfext.sty
Package: grfext 2010/08/19 v1.1 Managing graphics extensions (HO)
)
Package grfext Info: Graphics extension search list:
(grfext)             [.png,.pdf,.jpg,.mps,.jpeg,.jbig2,.jb2,.PNG,.PDF,.JPG,.JPE
G,.JBIG2,.JB2,.eps]
(grfext)             \AppendGraphicsExtensions on input line 452.

(/usr/local/texlive/2011/texmf-dist/tex/latex/latexconfig/epstopdf-sys.cfg
File: epstopdf-sys.cfg 2010/07/13 v1.3 Configuration of (r)epstopdf for TeX Liv
e
))
\AtBeginShipoutBox=\box30
Package hyperref Info: Link coloring OFF on input line 66.

(/usr/local/texlive/2011/texmf-dist/tex/latex/hyperref/nameref.sty
Package: nameref 2010/04/30 v2.40 Cross-referencing by name of section

(/usr/local/texlive/2011/texmf-dist/tex/generic/oberdiek/gettitlestring.sty
Package: gettitlestring 2010/12/03 v1.4 Cleanup title references (HO)
)
\c@section@level=\count116
)
LaTeX Info: Redefining \ref on input line 66.
LaTeX Info: Redefining \pageref on input line 66.
LaTeX Info: Redefining \nameref on input line 66.

(./12lecture2.out) (./12lecture2.out)
\@outlinefile=\write3
\openout3 = `12lecture2.out'.

LaTeX Font Info:    Try loading font information for U+msa on input line 80.

(/usr/local/texlive/2011/texmf-dist/tex/latex/amsfonts/umsa.fd
File: umsa.fd 2009/06/22 v3.00 AMS symbols A
)
LaTeX Font Info:    Try loading font information for U+msb on input line 80.

(/usr/local/texlive/2011/texmf-dist/tex/latex/amsfonts/umsb.fd
File: umsb.fd 2009/06/22 v3.00 AMS symbols B
)
LaTeX Font Info:    Try loading font information for OMS+cmr on input line 86.

(/usr/local/texlive/2011/texmf-dist/tex/latex/base/omscmr.fd
File: omscmr.fd 1999/05/25 v2.5h Standard LaTeX font definitions
)
LaTeX Font Info:    Font shape `OMS/cmr/m/n' in size <10.95> not available
(Font)              Font shape `OMS/cmsy/m/n' tried instead on input line 86.

<Limits.jpg, id=122, 120.45pt x 87.4467pt>
File: Limits.jpg Graphic file (type jpg)
 <use Limits.jpg>
Package pdftex.def Info: Limits.jpg used on input line 124.
(pdftex.def)             Requested size: 216.81pt x 157.41992pt.
 [1

{/usr/local/texlive/2011/texmf-var/fonts/map/pdftex/updmap/pdftex.map}]
<abs2.jpeg, id=137, 613.29124pt x 793.96625pt>
File: abs2.jpeg Graphic file (type jpg)
 <use abs2.jpeg>
Package pdftex.def Info: abs2.jpeg used on input line 145.
(pdftex.def)             Requested size: 72.26999pt x 93.55151pt.

Overfull \hbox (21.28152pt too wide) in paragraph at lines 145--145
[][] 
 []

<this.pdf, id=138, 444.66125pt x 443.6575pt>
File: this.pdf Graphic file (type pdf)
 <use this.pdf>
Package pdftex.def Info: this.pdf used on input line 147.
(pdftex.def)             Requested size: 72.26999pt x 72.10364pt.
 [2 <./Limits.jpg> <./abs2.jpeg> <./this.pdf>] <sqrtJ.pdf, id=157, 444.66125pt 
x 443.6575pt>
File: sqrtJ.pdf Graphic file (type pdf)

<use sqrtJ.pdf>
Package pdftex.def Info: sqrtJ.pdf used on input line 170.
(pdftex.def)             Requested size: 72.26999pt x 72.10364pt.
 <1ovrxJ.jpeg, id=158, 613.29124pt x 793.96625pt>
File: 1ovrxJ.jpeg Graphic file (type jpg)

<use 1ovrxJ.jpeg>
Package pdftex.def Info: 1ovrxJ.jpeg used on input line 178.
(pdftex.def)             Requested size: 72.26999pt x 93.55151pt.
File: sqrtJ.pdf Graphic file (type pdf)
 <use sqrtJ.pdf>
Package pdftex.def Info: sqrtJ.pdf used on input line 197.
(pdftex.def)             Requested size: 72.26999pt x 72.10364pt.

<expJ.jpeg, id=159, 613.29124pt x 793.96625pt>
File: expJ.jpeg Graphic file (type jpg)
 <use expJ.jpeg>
Package pdftex.def Info: expJ.jpeg used on input line 198.
(pdftex.def)             Requested size: 72.26999pt x 93.55151pt.

Overfull \hbox (21.28152pt too wide) in paragraph at lines 198--198
[][] 
 []

<floorJ.jpeg, id=160, 613.29124pt x 793.96625pt>
File: floorJ.jpeg Graphic file (type jpg)
 <use floorJ.jpeg>
Package pdftex.def Info: floorJ.jpeg used on input line 200.
(pdftex.def)             Requested size: 72.26999pt x 93.55151pt.

Overfull \hbox (21.28152pt too wide) in paragraph at lines 200--200
[][] 
 []

<1p1ovrx2J.jpeg, id=161, 613.29124pt x 793.96625pt>
File: 1p1ovrx2J.jpeg Graphic file (type jpg)
 <use 1p1ovrx2J.jpeg>
Package pdftex.def Info: 1p1ovrx2J.jpeg used on input line 201.
(pdftex.def)             Requested size: 72.26999pt x 93.55151pt.

Overfull \hbox (21.28152pt too wide) in paragraph at lines 201--201
[][] 
 []

[3 <./sqrtJ.pdf> <./1ovrxJ.jpeg> <./expJ.jpeg>]
<limitJ.jpeg, id=177, 137.51375pt x 107.40125pt>
File: limitJ.jpeg Graphic file (type jpg)
 <use limitJ.jpeg>
Package pdftex.def Info: limitJ.jpeg used on input line 304.
(pdftex.def)             Requested size: 108.405pt x 84.66905pt.

Overfull \hbox (36.13501pt too wide) in paragraph at lines 304--304
[][] 
 []

<unboundJ.jpeg, id=178, 135.50626pt x 107.40125pt>
File: unboundJ.jpeg Graphic file (type jpg)
 <use unboundJ.jpeg>
Package pdftex.def Info: unboundJ.jpeg used on input line 306.
(pdftex.def)             Requested size: 108.405pt x 85.92438pt.

Overfull \hbox (36.13501pt too wide) in paragraph at lines 306--306
[][] 
 []

<altrnateJ.jpeg, id=179, 134.5025pt x 100.375pt>
File: altrnateJ.jpeg Graphic file (type jpg)
 <use altrnateJ.jpeg>
Package pdftex.def Info: altrnateJ.jpeg used on input line 308.
(pdftex.def)             Requested size: 108.405pt x 80.90048pt.

Overfull \hbox (36.13501pt too wide) in paragraph at lines 308--308
[][] 
 []

[4 <./floorJ.jpeg> <./1p1ovrx2J.jpeg> <./limitJ.jpeg> <./unboundJ.jpeg> <./altr
nateJ.jpeg>] <limit2J.jpeg, id=192, 135.50626pt x 107.40125pt>
File: limit2J.jpeg Graphic file (type jpg)

<use limit2J.jpeg>
Package pdftex.def Info: limit2J.jpeg used on input line 345.
(pdftex.def)             Requested size: 108.405pt x 85.92438pt.

Overfull \hbox (36.13501pt too wide) in paragraph at lines 345--345
[][] 
 []

[5 <./limit2J.jpeg>] <newton.png, id=209, 703.68158pt x 207.3008pt>
File: newton.png Graphic file (type png)

<use newton.png>
Package pdftex.def Info: newton.png used on input line 382.
(pdftex.def)             Requested size: 433.62pt x 127.74385pt.

Underfull \hbox (badness 10000) in paragraph at lines 408--410

 []


Underfull \hbox (badness 10000) in paragraph at lines 411--412

 []

[6 <./newton.png>] <derivxJ.jpeg, id=217, 613.29124pt x 793.96625pt>
File: derivxJ.jpeg Graphic file (type jpg)

<use derivxJ.jpeg>
Package pdftex.def Info: derivxJ.jpeg used on input line 472.
(pdftex.def)             Requested size: 72.26999pt x 93.55151pt.

Overfull \hbox (21.28152pt too wide) in paragraph at lines 472--472
[][] 
 []

<derivx2J.jpeg, id=218, 613.29124pt x 793.96625pt>
File: derivx2J.jpeg Graphic file (type jpg)
 <use derivx2J.jpeg>
Package pdftex.def Info: derivx2J.jpeg used on input line 477.
(pdftex.def)             Requested size: 72.26999pt x 93.55151pt.

Overfull \hbox (21.28152pt too wide) in paragraph at lines 477--477
[][] 
 []

<derivx3J.jpeg, id=219, 613.29124pt x 793.96625pt>
File: derivx3J.jpeg Graphic file (type jpg)
 <use derivx3J.jpeg>
Package pdftex.def Info: derivx3J.jpeg used on input line 483.
(pdftex.def)             Requested size: 72.26999pt x 93.55151pt.

Overfull \hbox (21.28152pt too wide) in paragraph at lines 483--483
[][] 
 []

[7 <./derivxJ.jpeg> <./derivx2J.jpeg>]
Underfull \hbox (badness 10000) in paragraph at lines 517--527

 []


Underfull \hbox (badness 10000) in paragraph at lines 531--535

 []


Underfull \hbox (badness 10000) in paragraph at lines 535--541

 []

[8 <./derivx3J.jpeg>] <deriv1J.jpeg, id=241, 613.29124pt x 793.96625pt>
File: deriv1J.jpeg Graphic file (type jpg)

<use deriv1J.jpeg>
Package pdftex.def Info: deriv1J.jpeg used on input line 596.
(pdftex.def)             Requested size: 72.26999pt x 93.55151pt.

Overfull \hbox (21.28152pt too wide) in paragraph at lines 596--596
[][] 
 []

<deriv2J.jpeg, id=242, 613.29124pt x 793.96625pt>
File: deriv2J.jpeg Graphic file (type jpg)
 <use deriv2J.jpeg>
Package pdftex.def Info: deriv2J.jpeg used on input line 598.
(pdftex.def)             Requested size: 72.26999pt x 93.55151pt.

Overfull \hbox (21.28152pt too wide) in paragraph at lines 598--598
[][] 
 []

[9 <./deriv1J.jpeg>]
Underfull \hbox (badness 10000) in paragraph at lines 652--652

 []


Underfull \hbox (badness 10000) in paragraph at lines 659--659

 []

[10 <./deriv2J.jpeg>]pdfTeX warning (ext4): destination with the same identifie
r (name{equation.3.1}) has been already used, duplicate ignored
<to be read again> 
                   \relax 
l.702 \beqa
            [11]pdfTeX warning (ext4): destination with the same identifier (na
me{equation.3.1}) has been already used, duplicate ignored
<to be read again> 
                   \relax 
l.710 \beqa
            [12] <integrand.jpg, id=292, 240.9pt x 167.1846pt>
File: integrand.jpg Graphic file (type jpg)

<use integrand.jpg>
Package pdftex.def Info: integrand.jpg used on input line 820.
(pdftex.def)             Requested size: 289.07999pt x 200.6409pt.
 [13] <Area.pdf, id=304, 444.66125pt x 443.6575pt>
File: Area.pdf Graphic file (type pdf)

<use Area.pdf>
Package pdftex.def Info: Area.pdf used on input line 829.
(pdftex.def)             Requested size: 144.54pt x 144.21405pt.
 [14 <./integrand.jpg> <./Area.pdf>]
<derintegJ.jpeg, id=312, 613.29124pt x 793.96625pt>
File: derintegJ.jpeg Graphic file (type jpg)
 <use derintegJ.jpeg>
Package pdftex.def Info: derintegJ.jpeg used on input line 882.
(pdftex.def)             Requested size: 72.26999pt x 93.55151pt.

Overfull \hbox (21.28152pt too wide) in paragraph at lines 882--882
[][] 
 []

[15 <./derintegJ.jpeg>] <riemann.png, id=331, 421.575pt x 316.18124pt>
File: riemann.png Graphic file (type png)

<use riemann.png>
Package pdftex.def Info: riemann.png used on input line 926.
(pdftex.def)             Requested size: 421.57396pt x 316.18047pt.
 [16 <./riemann.png (PNG copy)>]
Overfull \hbox (15.33008pt too wide) in paragraph at lines 972--973
[][][] 
 []


Overfull \hbox (15.33008pt too wide) in paragraph at lines 973--975
[][][] 
 []

[17] [18]pdfTeX warning (ext4): destination with the same identifier (name{equa
tion.4.1}) has been already used, duplicate ignored
<to be read again> 
                   \relax 
l.1051 \beqa
             [19]pdfTeX warning (ext4): destination with the same identifier (n
ame{equation.4.1}) has been already used, duplicate ignored
<to be read again> 
                   \relax 
l.1084 \beqa
            pdfTeX warning (ext4): destination with the same identifier (name{e
quation.4.1}) has been already used, duplicate ignored
<to be read again> 
                   \relax 
l.1094 \beqa
            
Underfull \hbox (badness 10000) in paragraph at lines 1100--1105

 []

pdfTeX warning (ext4): destination with the same identifier (name{equation.4.1}
) has been already used, duplicate ignored
<to be read again> 
                   \relax 
l.1113 \beqa
             [20] <signs.jpg, id=375, 340.27126pt x 501.875pt>
File: signs.jpg Graphic file (type jpg)
 <use signs.jpg>
Package pdftex.def Info: signs.jpg used on input line 1129.
(pdftex.def)             Requested size: 216.81pt x 319.78217pt.

[21 <./signs.jpg>] [22] [23]

Package hyperref Warning: Token not allowed in a PDF string (PDFDocEncoding):
(hyperref)                removing `math shift' on input line 1282.


Package hyperref Warning: Token not allowed in a PDF string (PDFDocEncoding):
(hyperref)                removing `superscript' on input line 1282.


Package hyperref Warning: Token not allowed in a PDF string (PDFDocEncoding):
(hyperref)                removing `math shift' on input line 1282.

[24]
Underfull \hbox (badness 10000) in paragraph at lines 1348--1350

 []


Underfull \hbox (badness 10000) in paragraph at lines 1353--1356

 []


Underfull \hbox (badness 10000) in paragraph at lines 1358--1361

 []

[25]
Underfull \hbox (badness 10000) in paragraph at lines 1449--1449

 []

<posdefJ.jpeg, id=422, 613.29124pt x 793.96625pt>
File: posdefJ.jpeg Graphic file (type jpg)
 <use posdefJ.jpeg>
Package pdftex.def Info: posdefJ.jpeg used on input line 1450.
(pdftex.def)             Requested size: 613.28973pt x 793.96431pt.

Overfull \hbox (36.13pt too wide) in paragraph at lines 1450--1450
[][] 
 []


Underfull \hbox (badness 10000) in paragraph at lines 1457--1457

 []

<possemJ.jpeg, id=423, 613.29124pt x 793.96625pt>
File: possemJ.jpeg Graphic file (type jpg)
 <use possemJ.jpeg>
Package pdftex.def Info: possemJ.jpeg used on input line 1458.
(pdftex.def)             Requested size: 613.28973pt x 793.96431pt.

Overfull \hbox (36.13pt too wide) in paragraph at lines 1458--1458
[][] 
 []

[26 <./posdefJ.jpeg>]
Underfull \hbox (badness 10000) in paragraph at lines 1465--1465

 []

<indefJ.jpeg, id=433, 613.29124pt x 793.96625pt>
File: indefJ.jpeg Graphic file (type jpg)
 <use indefJ.jpeg>
Package pdftex.def Info: indefJ.jpeg used on input line 1466.
(pdftex.def)             Requested size: 613.28973pt x 793.96431pt.

Overfull \hbox (36.13pt too wide) in paragraph at lines 1466--1466
[][] 
 []

[27 <./possemJ.jpeg> <./indefJ.jpeg>]pdfTeX warning (ext4): destination with th
e same identifier (name{equation.5.1}) has been already used, duplicate ignored

<to be read again> 
                   \relax 
l.1574   \beqa
               [28]
Package atveryend Info: Empty hook `BeforeClearDocument' on input line 1600.
 [29]
Package atveryend Info: Empty hook `AfterLastShipout' on input line 1600.
 (./12lecture2.aux)
Package atveryend Info: Executing hook `AtVeryEndDocument' on input line 1600.
Package atveryend Info: Executing hook `AtEndAfterFileList' on input line 1600.

Package rerunfilecheck Info: File `12lecture2.out' has not changed.
(rerunfilecheck)             Checksum: A472256D5A569E98530A7CBA0C0FFBBB;2097.
Package atveryend Info: Empty hook `AtVeryVeryEnd' on input line 1600.
 ) 
Here is how much of TeX's memory you used:
 6366 strings out of 493633
 89611 string characters out of 3143378
 179311 words of memory out of 3000000
 9340 multiletter control sequences out of 15000+200000
 15525 words of font info for 58 fonts, out of 3000000 for 9000
 831 hyphenation exceptions out of 8191
 34i,15n,32p,279b,473s stack positions out of 5000i,500n,10000p,200000b,50000s
</usr/local/texlive/2011/texmf-dist/fonts/type1/public/amsfonts/cm/cmbx10.pfb
></usr/local/texlive/2011/texmf-dist/fonts/type1/public/amsfonts/cm/cmbx12.pfb>
</usr/local/texlive/2011/texmf-dist/fonts/type1/public/amsfonts/cm/cmbx8.pfb></
usr/local/texlive/2011/texmf-dist/fonts/type1/public/amsfonts/cm/cmex10.pfb></u
sr/local/texlive/2011/texmf-dist/fonts/type1/public/amsfonts/cm/cmmi10.pfb></us
r/local/texlive/2011/texmf-dist/fonts/type1/public/amsfonts/cm/cmmi6.pfb></usr/
local/texlive/2011/texmf-dist/fonts/type1/public/amsfonts/cm/cmmi8.pfb></usr/lo
cal/texlive/2011/texmf-dist/fonts/type1/public/amsfonts/cm/cmr10.pfb></usr/loca
l/texlive/2011/texmf-dist/fonts/type1/public/amsfonts/cm/cmr6.pfb></usr/local/t
exlive/2011/texmf-dist/fonts/type1/public/amsfonts/cm/cmr8.pfb></usr/local/texl
ive/2011/texmf-dist/fonts/type1/public/amsfonts/cm/cmr9.pfb></usr/local/texlive
/2011/texmf-dist/fonts/type1/public/amsfonts/cm/cmsl10.pfb></usr/local/texlive/
2011/texmf-dist/fonts/type1/public/amsfonts/cm/cmsy10.pfb></usr/local/texlive/2
011/texmf-dist/fonts/type1/public/amsfonts/cm/cmsy6.pfb></usr/local/texlive/201
1/texmf-dist/fonts/type1/public/amsfonts/cm/cmsy8.pfb></usr/local/texlive/2011/
texmf-dist/fonts/type1/public/amsfonts/cm/cmti10.pfb></usr/local/texlive/2011/t
exmf-dist/fonts/type1/public/amsfonts/cm/cmti9.pfb>
Output written on 12lecture2.pdf (29 pages, 1192373 bytes).
PDF statistics:
 568 PDF objects out of 1000 (max. 8388607)
 489 compressed objects within 5 object streams
 225 named destinations out of 1000 (max. 500000)
 363 words of extra memory for PDF output out of 10000 (max. 10000000)

