\BOOKMARK [1][-]{section.1}{Limits}{}% 1
\BOOKMARK [1][-]{section.2}{Continuity}{}% 2
\BOOKMARK [2][-]{subsection.2.1}{Sequences}{section.2}% 3
\BOOKMARK [2][-]{subsection.2.2}{The Limit of a Sequence}{section.2}% 4
\BOOKMARK [1][-]{section.3}{Change we can believe in}{}% 5
\BOOKMARK [2][-]{subsection.3.1}{Derivative}{section.3}% 6
\BOOKMARK [2][-]{subsection.3.2}{Higher-order derivatives}{section.3}% 7
\BOOKMARK [2][-]{subsection.3.3}{Maxima and minima}{section.3}% 8
\BOOKMARK [2][-]{subsection.3.4}{Chain rule}{section.3}% 9
\BOOKMARK [2][-]{subsection.3.5}{Derivatives of Exp and Ln}{section.3}% 10
\BOOKMARK [2][-]{subsection.3.6}{L'Hospital's Rule}{section.3}% 11
\BOOKMARK [2][-]{subsection.3.7}{Newton-Raphson and Taylor Series}{section.3}% 12
\BOOKMARK [1][-]{section.4}{The area under a curve}{}% 13
\BOOKMARK [2][-]{subsection.4.1}{The Indefinite Integral: The Antiderivative}{section.4}% 14
\BOOKMARK [2][-]{subsection.4.2}{The Definite Integral: The Area under the Curve}{section.4}% 15
\BOOKMARK [2][-]{subsection.4.3}{Integration by Substitutions}{section.4}% 16
\BOOKMARK [2][-]{subsection.4.4}{Integration by Parts}{section.4}% 17
\BOOKMARK [1][-]{section.5}{Calculus with a matrix}{}% 18
\BOOKMARK [2][-]{subsection.5.1}{Differentiation in several variables}{section.5}% 19
\BOOKMARK [2][-]{subsection.5.2}{Integration with several variables}{section.5}% 20
\BOOKMARK [2][-]{subsection.5.3}{Vector representation of calculus}{section.5}% 21
\BOOKMARK [2][-]{subsection.5.4}{Maxima and Minima in Rn }{section.5}% 22
\BOOKMARK [2][-]{subsection.5.5}{First Order Conditions}{section.5}% 23
\BOOKMARK [2][-]{subsection.5.6}{Second Order Conditions}{section.5}% 24
\BOOKMARK [2][-]{subsection.5.7}{Redux: Definiteness}{section.5}% 25
\BOOKMARK [2][-]{subsection.5.8}{Redux: Test for definiteness}{section.5}% 26
\BOOKMARK [2][-]{subsection.5.9}{Global maxima and minima}{section.5}% 27
\BOOKMARK [2][-]{subsection.5.10}{Example \(thanks Harvard!\)}{section.5}% 28
