\BOOKMARK [1][-]{section.1}{Introduction}{}% 1
\BOOKMARK [2][-]{subsection.1.1}{Why\040math?}{section.1}% 2
\BOOKMARK [2][-]{subsection.1.2}{Zen\040and\040the\040art\040of\040methods\040training}{section.1}% 3
\BOOKMARK [1][-]{section.2}{Notation\040and\040algebra}{}% 4
\BOOKMARK [2][-]{subsection.2.1}{Common\040math\040notation}{section.2}% 5
\BOOKMARK [2][-]{subsection.2.2}{Exponents}{section.2}% 6
\BOOKMARK [2][-]{subsection.2.3}{Logarithms}{section.2}% 7
\BOOKMARK [2][-]{subsection.2.4}{Euler's\040constant}{section.2}% 8
\BOOKMARK [2][-]{subsection.2.5}{Order\040of\040operations}{section.2}% 9
\BOOKMARK [2][-]{subsection.2.6}{Coordinate\040Geometry}{section.2}% 10
\BOOKMARK [2][-]{subsection.2.7}{Lines}{section.2}% 11
\BOOKMARK [1][-]{section.3}{Functions}{}% 12
\BOOKMARK [2][-]{subsection.3.1}{R1\040\040and\040Rn}{section.3}% 13
\BOOKMARK [2][-]{subsection.3.2}{Interval\040Notation\040for\040R1\040}{section.3}% 14
\BOOKMARK [2][-]{subsection.3.3}{Introduction\040to\040Functions}{section.3}% 15
\BOOKMARK [2][-]{subsection.3.4}{Domain\040and\040Range}{section.3}% 16
\BOOKMARK [2][-]{subsection.3.5}{Some\040General\040Types\040of\040Functions}{section.3}% 17
\BOOKMARK [2][-]{subsection.3.6}{Inverse\040Functions}{section.3}% 18
\BOOKMARK [2][-]{subsection.3.7}{Roots}{section.3}% 19
\BOOKMARK [1][-]{section.4}{Neighborhoods:\040Intervals,\040Disks,\040and\040Balls}{}% 20
\BOOKMARK [1][-]{section.5}{Sets,\040Sets,\040and\040More\040Sets}{}% 21
