This is pdfTeX, Version 3.1415926-2.3-1.40.12 (TeX Live 2011) (format=pdflatex 2011.7.3)  10 AUG 2012 13:40
entering extended mode
 \write18 enabled.
 file:line:error style messages enabled.
 %&-line parsing enabled.
**12lecture3BIG.tex
(./12lecture3BIG.tex
LaTeX2e <2009/09/24>
Babel <v3.8l> and hyphenation patterns for english, dumylang, nohyphenation, ge
rman-x-2009-06-19, ngerman-x-2009-06-19, afrikaans, ancientgreek, ibycus, arabi
c, armenian, basque, bulgarian, catalan, pinyin, coptic, croatian, czech, danis
h, dutch, ukenglish, usenglishmax, esperanto, estonian, ethiopic, farsi, finnis
h, french, galician, german, ngerman, swissgerman, monogreek, greek, hungarian,
 icelandic, assamese, bengali, gujarati, hindi, kannada, malayalam, marathi, or
iya, panjabi, tamil, telugu, indonesian, interlingua, irish, italian, kurmanji,
 lao, latin, latvian, lithuanian, mongolian, mongolianlmc, bokmal, nynorsk, pol
ish, portuguese, romanian, russian, sanskrit, serbian, serbianc, slovak, sloven
ian, spanish, swedish, turkish, turkmen, ukrainian, uppersorbian, welsh, loaded
.
(/usr/local/texlive/2011/texmf-dist/tex/latex/extsizes/extarticle.cls
Document Class: extarticle 1996/10/08 v1.0 Non Standard LaTeX document class
(/usr/local/texlive/2011/texmf-dist/tex/latex/extsizes/size20.clo
File: size20.clo 1999/11/11 NON-Standard LaTeX file (size option)
)
(/usr/local/texlive/2011/texmf-dist/tex/latex/base/exscale.sty
Package: exscale 2007/10/29 v2.1h Standard LaTeX package exscale
LaTeX Font Info:    Redeclaring symbol font `largesymbols' on input line 52.
LaTeX Font Info:    Overwriting symbol font `largesymbols' in version `normal'
(Font)                  OMX/cmex/m/n --> OMX/cmex/m/n on input line 52.
LaTeX Font Info:    Overwriting symbol font `largesymbols' in version `bold'
(Font)                  OMX/cmex/m/n --> OMX/cmex/m/n on input line 52.
\big@size=\dimen102
)
\c@part=\count79
\c@section=\count80
\c@subsection=\count81
\c@subsubsection=\count82
\c@paragraph=\count83
\c@subparagraph=\count84
\c@figure=\count85
\c@table=\count86
\abovecaptionskip=\skip41
\belowcaptionskip=\skip42
\bibindent=\dimen103
)
(/usr/local/texlive/2011/texmf-dist/tex/latex/amsmath/amsmath.sty
Package: amsmath 2000/07/18 v2.13 AMS math features
\@mathmargin=\skip43

For additional information on amsmath, use the `?' option.
(/usr/local/texlive/2011/texmf-dist/tex/latex/amsmath/amstext.sty
Package: amstext 2000/06/29 v2.01

(/usr/local/texlive/2011/texmf-dist/tex/latex/amsmath/amsgen.sty
File: amsgen.sty 1999/11/30 v2.0
\@emptytoks=\toks14
\ex@=\dimen104
))
(/usr/local/texlive/2011/texmf-dist/tex/latex/amsmath/amsbsy.sty
Package: amsbsy 1999/11/29 v1.2d
\pmbraise@=\dimen105
)
(/usr/local/texlive/2011/texmf-dist/tex/latex/amsmath/amsopn.sty
Package: amsopn 1999/12/14 v2.01 operator names
)
\inf@bad=\count87
LaTeX Info: Redefining \frac on input line 211.
\uproot@=\count88
\leftroot@=\count89
LaTeX Info: Redefining \overline on input line 307.
\classnum@=\count90
\DOTSCASE@=\count91
LaTeX Info: Redefining \ldots on input line 379.
LaTeX Info: Redefining \dots on input line 382.
LaTeX Info: Redefining \cdots on input line 467.
\Mathstrutbox@=\box26
\strutbox@=\box27
\big@size=\dimen106
LaTeX Font Info:    Redeclaring font encoding OML on input line 567.
LaTeX Font Info:    Redeclaring font encoding OMS on input line 568.
\macc@depth=\count92
\c@MaxMatrixCols=\count93
\dotsspace@=\muskip10
\c@parentequation=\count94
\dspbrk@lvl=\count95
\tag@help=\toks15
\row@=\count96
\column@=\count97
\maxfields@=\count98
\andhelp@=\toks16
\eqnshift@=\dimen107
\alignsep@=\dimen108
\tagshift@=\dimen109
\tagwidth@=\dimen110
\totwidth@=\dimen111
\lineht@=\dimen112
\@envbody=\toks17
\multlinegap=\skip44
\multlinetaggap=\skip45
\mathdisplay@stack=\toks18
LaTeX Info: Redefining \[ on input line 2666.
LaTeX Info: Redefining \] on input line 2667.
)
(/usr/local/texlive/2011/texmf-dist/tex/latex/amsfonts/amssymb.sty
Package: amssymb 2009/06/22 v3.00

(/usr/local/texlive/2011/texmf-dist/tex/latex/amsfonts/amsfonts.sty
Package: amsfonts 2009/06/22 v3.00 Basic AMSFonts support
\symAMSa=\mathgroup4
\symAMSb=\mathgroup5
LaTeX Font Info:    Overwriting math alphabet `\mathfrak' in version `bold'
(Font)                  U/euf/m/n --> U/euf/b/n on input line 96.
))
(/usr/local/texlive/2011/texmf-dist/tex/generic/epsf/epsf.sty
This is `epsf.tex' v2.7.4 <14 February 2011>
\epsffilein=\read1
\epsfframemargin=\dimen113
\epsfframethickness=\dimen114
\epsfrsize=\dimen115
\epsftmp=\dimen116
\epsftsize=\dimen117
\epsfxsize=\dimen118
\epsfysize=\dimen119
\pspoints=\dimen120
) (/usr/local/texlive/2011/texmf-dist/tex/latex/graphics/epsfig.sty
Package: epsfig 1999/02/16 v1.7a (e)psfig emulation (SPQR)

(/usr/local/texlive/2011/texmf-dist/tex/latex/graphics/graphicx.sty
Package: graphicx 1999/02/16 v1.0f Enhanced LaTeX Graphics (DPC,SPQR)

(/usr/local/texlive/2011/texmf-dist/tex/latex/graphics/keyval.sty
Package: keyval 1999/03/16 v1.13 key=value parser (DPC)
\KV@toks@=\toks19
)
(/usr/local/texlive/2011/texmf-dist/tex/latex/graphics/graphics.sty
Package: graphics 2009/02/05 v1.0o Standard LaTeX Graphics (DPC,SPQR)

(/usr/local/texlive/2011/texmf-dist/tex/latex/graphics/trig.sty
Package: trig 1999/03/16 v1.09 sin cos tan (DPC)
)
(/usr/local/texlive/2011/texmf-dist/tex/latex/latexconfig/graphics.cfg
File: graphics.cfg 2010/04/23 v1.9 graphics configuration of TeX Live
)
Package graphics Info: Driver file: pdftex.def on input line 91.

(/usr/local/texlive/2011/texmf-dist/tex/latex/pdftex-def/pdftex.def
File: pdftex.def 2011/05/27 v0.06d Graphics/color for pdfTeX

(/usr/local/texlive/2011/texmf-dist/tex/generic/oberdiek/infwarerr.sty
Package: infwarerr 2010/04/08 v1.3 Providing info/warning/message (HO)
)
(/usr/local/texlive/2011/texmf-dist/tex/generic/oberdiek/ltxcmds.sty
Package: ltxcmds 2011/04/18 v1.20 LaTeX kernel commands for general use (HO)
)
\Gread@gobject=\count99
))
\Gin@req@height=\dimen121
\Gin@req@width=\dimen122
)
\epsfxsize=\dimen123
\epsfysize=\dimen124
)
(/usr/local/texlive/2011/texmf-dist/tex/generic/dvips/rotate.sty
\@rotdimen=\dimen125
\@rotbox=\box28
)
(/usr/local/texlive/2011/texmf-dist/tex/latex/hyperref/hyperref.sty
Package: hyperref 2011/04/17 v6.82g Hypertext links for LaTeX

(/usr/local/texlive/2011/texmf-dist/tex/generic/oberdiek/hobsub-hyperref.sty
Package: hobsub-hyperref 2011/04/23 v1.4 Bundle oberdiek, subset hyperref (HO)

(/usr/local/texlive/2011/texmf-dist/tex/generic/oberdiek/hobsub-generic.sty
Package: hobsub-generic 2011/04/23 v1.4 Bundle oberdiek, subset generic (HO)
Package: hobsub 2011/04/23 v1.4 Subsetting bundle oberdiek (HO)
Package hobsub Info: Skipping package `infwarerr' (already loaded).
Package hobsub Info: Skipping package `ltxcmds' (already loaded).
Package: ifluatex 2010/03/01 v1.3 Provides the ifluatex switch (HO)
Package ifluatex Info: LuaTeX not detected.
Package: ifvtex 2010/03/01 v1.5 Switches for detecting VTeX and its modes (HO)
Package ifvtex Info: VTeX not detected.
Package: intcalc 2007/09/27 v1.1 Expandable integer calculations (HO)
Package: ifpdf 2011/01/30 v2.3 Provides the ifpdf switch (HO)
Package ifpdf Info: pdfTeX in PDF mode is detected.
Package: etexcmds 2011/02/16 v1.5 Prefix for e-TeX command names (HO)
Package etexcmds Info: Could not find \expanded.
(etexcmds)             That can mean that you are not using pdfTeX 1.50 or
(etexcmds)             that some package has redefined \expanded.
(etexcmds)             In the latter case, load this package earlier.
Package: kvsetkeys 2011/04/07 v1.13 Key value parser (HO)
Package: kvdefinekeys 2011/04/07 v1.3 Defining keys (HO)
Package: pdftexcmds 2011/04/22 v0.16 Utilities of pdfTeX for LuaTeX (HO)
Package pdftexcmds Info: LuaTeX not detected.
Package pdftexcmds Info: \pdf@primitive is available.
Package pdftexcmds Info: \pdf@ifprimitive is available.
Package pdftexcmds Info: \pdfdraftmode found.
Package: pdfescape 2011/04/04 v1.12 Provides string conversions (HO)
Package: bigintcalc 2011/01/30 v1.2 Expandable big integer calculations (HO)
Package: bitset 2011/01/30 v1.1 Data type bit set (HO)
Package: uniquecounter 2011/01/30 v1.2 Provides unlimited unique counter (HO)
)
Package hobsub Info: Skipping package `hobsub' (already loaded).
Package: letltxmacro 2010/09/02 v1.4 Let assignment for LaTeX macros (HO)
Package: hopatch 2011/01/30 v1.0 Wrapper for package hooks (HO)
Package: xcolor-patch 2011/01/30 xcolor patch
Package: atveryend 2011/04/23 v1.7 Hooks at very end of document (HO)
Package atveryend Info: \enddocument detected (standard).
Package: atbegshi 2011/01/30 v1.15 At begin shipout hook (HO)
Package: refcount 2010/12/01 v3.2 Data extraction from references (HO)
Package: hycolor 2011/01/30 v1.7 Color options of hyperref/bookmark (HO)
)
(/usr/local/texlive/2011/texmf-dist/tex/generic/ifxetex/ifxetex.sty
Package: ifxetex 2010/09/12 v0.6 Provides ifxetex conditional
)
(/usr/local/texlive/2011/texmf-dist/tex/latex/oberdiek/kvoptions.sty
Package: kvoptions 2010/12/23 v3.10 Keyval support for LaTeX options (HO)
)
\@linkdim=\dimen126
\Hy@linkcounter=\count100
\Hy@pagecounter=\count101

(/usr/local/texlive/2011/texmf-dist/tex/latex/hyperref/pd1enc.def
File: pd1enc.def 2011/04/17 v6.82g Hyperref: PDFDocEncoding definition (HO)
)
\Hy@SavedSpaceFactor=\count102

(/usr/local/texlive/2011/texmf-dist/tex/latex/latexconfig/hyperref.cfg
File: hyperref.cfg 2002/06/06 v1.2 hyperref configuration of TeXLive
)
Package hyperref Info: Hyper figures OFF on input line 4026.
Package hyperref Info: Link nesting OFF on input line 4031.
Package hyperref Info: Hyper index ON on input line 4034.
Package hyperref Info: Plain pages OFF on input line 4041.
Package hyperref Info: Backreferencing OFF on input line 4046.
Package hyperref Info: Implicit mode ON; LaTeX internals redefined.
Package hyperref Info: Bookmarks ON on input line 4264.
\c@Hy@tempcnt=\count103

(/usr/local/texlive/2011/texmf-dist/tex/latex/url/url.sty
\Urlmuskip=\muskip11
Package: url 2006/04/12  ver 3.3  Verb mode for urls, etc.
)
LaTeX Info: Redefining \url on input line 4617.
\Fld@menulength=\count104
\Field@Width=\dimen127
\Fld@charsize=\dimen128
Package hyperref Info: Hyper figures OFF on input line 5701.
Package hyperref Info: Link nesting OFF on input line 5706.
Package hyperref Info: Hyper index ON on input line 5709.
Package hyperref Info: backreferencing OFF on input line 5716.
Package hyperref Info: Link coloring OFF on input line 5721.
Package hyperref Info: Link coloring with OCG OFF on input line 5726.
Package hyperref Info: PDF/A mode OFF on input line 5731.
LaTeX Info: Redefining \ref on input line 5771.
LaTeX Info: Redefining \pageref on input line 5775.
\Hy@abspage=\count105
\c@Item=\count106
\c@Hfootnote=\count107
)

Package hyperref Message: Driver (autodetected): hpdftex.

(/usr/local/texlive/2011/texmf-dist/tex/latex/hyperref/hpdftex.def
File: hpdftex.def 2011/04/17 v6.82g Hyperref driver for pdfTeX
\Fld@listcount=\count108
\c@bookmark@seq@number=\count109

(/usr/local/texlive/2011/texmf-dist/tex/latex/oberdiek/rerunfilecheck.sty
Package: rerunfilecheck 2011/04/15 v1.7 Rerun checks for auxiliary files (HO)
Package uniquecounter Info: New unique counter `rerunfilecheck' on input line 2
82.
)
\Hy@SectionHShift=\skip46
)
No file 12lecture3BIG.aux.
\openout1 = `12lecture3BIG.aux'.

LaTeX Font Info:    Checking defaults for OML/cmm/m/it on input line 67.
LaTeX Font Info:    ... okay on input line 67.
LaTeX Font Info:    Checking defaults for T1/cmr/m/n on input line 67.
LaTeX Font Info:    ... okay on input line 67.
LaTeX Font Info:    Checking defaults for OT1/cmr/m/n on input line 67.
LaTeX Font Info:    ... okay on input line 67.
LaTeX Font Info:    Checking defaults for OMS/cmsy/m/n on input line 67.
LaTeX Font Info:    ... okay on input line 67.
LaTeX Font Info:    Checking defaults for OMX/cmex/m/n on input line 67.
LaTeX Font Info:    ... okay on input line 67.
LaTeX Font Info:    Checking defaults for U/cmr/m/n on input line 67.
LaTeX Font Info:    ... okay on input line 67.
LaTeX Font Info:    Checking defaults for PD1/pdf/m/n on input line 67.
LaTeX Font Info:    ... okay on input line 67.
(/usr/local/texlive/2011/texmf-dist/tex/context/base/supp-pdf.mkii
[Loading MPS to PDF converter (version 2006.09.02).]
\scratchcounter=\count110
\scratchdimen=\dimen129
\scratchbox=\box29
\nofMPsegments=\count111
\nofMParguments=\count112
\everyMPshowfont=\toks20
\MPscratchCnt=\count113
\MPscratchDim=\dimen130
\MPnumerator=\count114
\makeMPintoPDFobject=\count115
\everyMPtoPDFconversion=\toks21
) (/usr/local/texlive/2011/texmf-dist/tex/latex/oberdiek/epstopdf-base.sty
Package: epstopdf-base 2010/02/09 v2.5 Base part for package epstopdf

(/usr/local/texlive/2011/texmf-dist/tex/latex/oberdiek/grfext.sty
Package: grfext 2010/08/19 v1.1 Managing graphics extensions (HO)
)
Package grfext Info: Graphics extension search list:
(grfext)             [.png,.pdf,.jpg,.mps,.jpeg,.jbig2,.jb2,.PNG,.PDF,.JPG,.JPE
G,.JBIG2,.JB2,.eps]
(grfext)             \AppendGraphicsExtensions on input line 452.

(/usr/local/texlive/2011/texmf-dist/tex/latex/latexconfig/epstopdf-sys.cfg
File: epstopdf-sys.cfg 2010/07/13 v1.3 Configuration of (r)epstopdf for TeX Liv
e
))
\AtBeginShipoutBox=\box30
Package hyperref Info: Link coloring OFF on input line 67.

(/usr/local/texlive/2011/texmf-dist/tex/latex/hyperref/nameref.sty
Package: nameref 2010/04/30 v2.40 Cross-referencing by name of section

(/usr/local/texlive/2011/texmf-dist/tex/generic/oberdiek/gettitlestring.sty
Package: gettitlestring 2010/12/03 v1.4 Cleanup title references (HO)
)
\c@section@level=\count116
)
LaTeX Info: Redefining \ref on input line 67.
LaTeX Info: Redefining \pageref on input line 67.
LaTeX Info: Redefining \nameref on input line 67.
\@outlinefile=\write3
\openout3 = `12lecture3BIG.out'.

LaTeX Font Info:    Try loading font information for U+msa on input line 81.

(/usr/local/texlive/2011/texmf-dist/tex/latex/amsfonts/umsa.fd
File: umsa.fd 2009/06/22 v3.00 AMS symbols A
)
LaTeX Font Info:    Try loading font information for U+msb on input line 81.

(/usr/local/texlive/2011/texmf-dist/tex/latex/amsfonts/umsb.fd
File: umsb.fd 2009/06/22 v3.00 AMS symbols B
)
LaTeX Font Info:    Try loading font information for OMS+cmr on input line 87.

(/usr/local/texlive/2011/texmf-dist/tex/latex/base/omscmr.fd
File: omscmr.fd 1999/05/25 v2.5h Standard LaTeX font definitions
)
LaTeX Font Info:    Font shape `OMS/cmr/m/n' in size <20.74> not available
(Font)              Font shape `OMS/cmsy/m/n' tried instead on input line 87.
 [1

{/usr/local/texlive/2011/texmf-var/fonts/map/pdftex/updmap/pdftex.map}] [2]
<pandora.png, id=22, 385.74112pt x 225.84375pt>
File: pandora.png Graphic file (type png)
 <use pandora.png>
Package pdftex.def Info: pandora.png used on input line 112.
(pdftex.def)             Requested size: 289.07999pt x 169.25832pt.
 [3 <./pandora.png>]
Overfull \hbox (6.2869pt too wide) in paragraph at lines 151--152
[]\OT1/cmr/m/n/20.74 How count-ing and sets re-late to the con-cept of ``prob-
 []

[4] [5]
Overfull \hbox (0.77875pt too wide) in paragraph at lines 161--164
[]\OT1/cmr/bx/n/20.74 Fundamental The-o-rem of Count-ing\OT1/cmr/m/n/20.74 : If
 there
 []


Overfull \hbox (3.45067pt too wide) in paragraph at lines 161--164
\OT1/cmr/m/n/20.74 are $\OML/cmm/m/it/20.74 k$ \OT1/cmr/m/n/20.74 char-ac-ter-i
s-tics, each with $\OML/cmm/m/it/20.74 n[]$ \OT1/cmr/m/n/20.74 al-ter-na-tives,
 there
 []


Overfull \hbox (82.02261pt too wide) in paragraph at lines 175--177
[]\OT1/cmr/m/n/20.74 Unordered, with re-place-ment: $[] = []$ 
 []

[6] <Venn.png, id=47, 2007.5pt x 1323.94624pt>
File: Venn.png Graphic file (type png)
 <use Venn.png>
Package pdftex.def Info: Venn.png used on input line 208.
(pdftex.def)             Requested size: 144.54pt x 95.31194pt.
 [7 <./Venn.png>]
[8]
Overfull \hbox (2.76222pt too wide) in paragraph at lines 264--271
\OT1/cmr/m/n/20.74 num-ber in $[0\OML/cmm/m/it/20.74 ; \OT1/cmr/m/n/20.74 1]$)a
nd we have the func-tion that trans-
 []

[9] [10] [11] [12]
Overfull \hbox (6.68207pt too wide) in paragraph at lines 350--352
[]\OT1/cmr/m/n/20.74 Examples: Let's as-sume we have an evenly-balanced,
 []


Overfull \hbox (15.80524pt too wide) in paragraph at lines 371--371
[]\OT1/cmr/bx/n/24.88 Conditional Prob-a-bil-ity and Bayes'
 []


Overfull \hbox (6.02026pt too wide) in paragraph at lines 374--377
[]\OT1/cmr/bx/n/20.74 Conditional Prob-a-bil-ity\OT1/cmr/m/n/20.74 : The con-di
-tional prob-
 []

[13]
Overfull \hbox (4.7337pt too wide) in paragraph at lines 403--404
[]\OT1/cmr/bx/n/20.74 Multiplicative Law of Prob-a-bil-ity\OT1/cmr/m/n/20.74 : 
The prob-
 []

[14]pdfTeX warning (ext4): destination with the same identifier (name{equation.
1.1}) has been already used, duplicate ignored
<to be read again> 
                   \relax 
l.414 \beqa
            [15]
Overfull \hbox (46.38438pt too wide) in paragraph at lines 445--452
\OT1/cmr/m/n/20.74 mal/Defective, Nor-mal/Diseased, Demo-crat/Republican,
 []

[16]
Underfull \hbox (badness 10000) in paragraph at lines 461--465

 []


Underfull \hbox (badness 10000) in paragraph at lines 467--472

 []

[17] [18] <randomnumber.png, id=155, 401.5pt x 144.54pt>
File: randomnumber.png Graphic file (type png)

<use randomnumber.png>
Package pdftex.def Info: randomnumber.png used on input line 515.
(pdftex.def)             Requested size: 289.07999pt x 104.07532pt.
 [19 <./randomnumber.png>] [20] [21]
<TwoDie2.jpg, id=176, 158.09062pt x 106.14656pt>
File: TwoDie2.jpg Graphic file (type jpg)
 <use TwoDie2.jpg>
Package pdftex.def Info: TwoDie2.jpg used on input line 608.
(pdftex.def)             Requested size: 216.81pt x 145.5835pt.
 [22]
<CDFDIE.png, id=184, 326.21875pt x 244.915pt>
File: CDFDIE.png Graphic file (type png)
 <use CDFDIE.png>
Package pdftex.def Info: CDFDIE.png used on input line 626.
(pdftex.def)             Requested size: 216.81pt x 162.78046pt.
 [23 <./TwoDie2.jpg>] [24 <./CDFDIE.png>] <UniformPdf.png, id=200, 351.3125pt x
 263.98625pt>
File: UniformPdf.png Graphic file (type png)

<use UniformPdf.png>
Package pdftex.def Info: UniformPdf.png used on input line 657.
(pdftex.def)             Requested size: 216.81pt x 162.92055pt.
 [25 <./UniformPdf.png>]
<UniformCDF.png, id=207, 351.3125pt x 263.98625pt>
File: UniformCDF.png Graphic file (type png)
 <use UniformCDF.png>
Package pdftex.def Info: UniformCDF.png used on input line 687.
(pdftex.def)             Requested size: 216.81pt x 162.92055pt.

[26 <./UniformCDF.png>]
Overfull \hbox (0.91992pt too wide) in paragraph at lines 709--712
\OT1/cmr/m/n/20.74 and $\OML/cmm/m/it/20.74 Y$ \OT1/cmr/m/n/20.74 are dis-crete
, their joint prob-a-bil-ity mass func-
 []

[27] [28] [29]
Overfull \hbox (8.80435pt too wide) in paragraph at lines 764--769
[]\OT1/cmr/bx/n/20.74 Expectation of a Con-tin-u-ous Ran-dom Vari-
 []

[30]
Overfull \hbox (14.68282pt too wide) in paragraph at lines 797--798
[][] $\OML/cmm/m/it/20.74 ^^[[] \OT1/cmr/m/n/20.74 = [](\OML/cmm/m/it/20.74 Y\O
T1/cmr/m/n/20.74 ) = \OML/cmm/m/it/20.74 E\OT1/cmr/m/n/20.74 [(\OML/cmm/m/it/20
.74 Y \OMS/cmsy/m/n/20.74 ^^@ \OML/cmm/m/it/20.74 E\OT1/cmr/m/n/20.74 (\OML/cmm
/m/it/20.74 Y\OT1/cmr/m/n/20.74 ))[]] =
 []


Underfull \hbox (badness 10000) in paragraph at lines 798--798
[]\OT1/cmr/m/n/20.74 Standard
 []

[31]
Overfull \hbox (119.4716pt too wide) detected at line 807
[]\OT1/cmr/m/n/20.74 (\OML/cmm/m/it/20.74 X; Y\OT1/cmr/m/n/20.74 ) = \OML/cmm/m
/it/20.74 E\OT1/cmr/m/n/20.74 [(\OML/cmm/m/it/20.74 X \OMS/cmsy/m/n/20.74 ^^@ \
OML/cmm/m/it/20.74 E\OT1/cmr/m/n/20.74 (\OML/cmm/m/it/20.74 X\OT1/cmr/m/n/20.74
 ))(\OML/cmm/m/it/20.74 Y \OMS/cmsy/m/n/20.74 ^^@ \OML/cmm/m/it/20.74 E\OT1/cmr
/m/n/20.74 (\OML/cmm/m/it/20.74 Y\OT1/cmr/m/n/20.74 ))] = \OML/cmm/m/it/20.74 E
\OT1/cmr/m/n/20.74 (\OML/cmm/m/it/20.74 XY\OT1/cmr/m/n/20.74 ) \OMS/cmsy/m/n/20
.74 ^^@ \OML/cmm/m/it/20.74 E\OT1/cmr/m/n/20.74 (\OML/cmm/m/it/20.74 X\OT1/cmr/
m/n/20.74 )\OML/cmm/m/it/20.74 E\OT1/cmr/m/n/20.74 (\OML/cmm/m/it/20.74 Y\OT1/c
mr/m/n/20.74 )
 []


Overfull \hbox (11.4949pt too wide) in paragraph at lines 821--821
[]$\OML/cmm/m/it/20.74 Y$ \OT1/cmr/m/n/20.74 con-tin-u-ous: $\OML/cmm/m/it/20.7
4 E\OT1/cmr/m/n/20.74 (\OML/cmm/m/it/20.74 Y\OMS/cmsy/m/n/20.74 j\OML/cmm/m/it/
20.74 X \OT1/cmr/m/n/20.74 = \OML/cmm/m/it/20.74 x\OT1/cmr/m/n/20.74 ) = [][] \
OML/cmm/m/it/20.74 yf[]\OT1/cmr/m/n/20.74 (\OML/cmm/m/it/20.74 y\OMS/cmsy/m/n/2
0.74 j\OML/cmm/m/it/20.74 x\OT1/cmr/m/n/20.74 )\OML/cmm/m/it/20.74 dy$ 
 []

[32]
Overfull \hbox (3.5282pt too wide) in paragraph at lines 846--850
[]\OT1/cmr/m/n/20.74 Example: Re-pub-li-cans vote for Democrat-sponsored
 []

[33]
Overfull \hbox (39.30194pt too wide) in paragraph at lines 851--853
[][] $[]$ 
 []


Overfull \hbox (15.51782pt too wide) in paragraph at lines 866--868
[][] $[]$ 
 []

[34]
Overfull \hbox (15.51782pt too wide) in paragraph at lines 884--886
[][] $[]$ 
 []


Overfull \hbox (15.51782pt too wide) in paragraph at lines 893--895
[][] $[]$ 
 []

[35]
Overfull \hbox (5.5958pt too wide) in paragraph at lines 910--913
\OT1/cmr/m/n/20.74 mea-sure of cen-tral ten-dency, cal-cu-lated by sum-
 []

[36] [37]
Overfull \hbox (7.92877pt too wide) in paragraph at lines 960--963
[]\OT1/cmr/bx/n/20.74 Median ab-so-lute de-vi-a-tion (MAD)\OT1/cmr/m/n/20.74 : 
The
 []


Overfull \hbox (3.45999pt too wide) in paragraph at lines 960--963
\OT1/cmr/m/n/20.74 MAD is a dif-fer-ent mea-sure of dis-per-sion, based
 []

[38]
Overfull \hbox (51.37973pt too wide) in paragraph at lines 982--983
[]\OT1/cmr/bx/n/20.74 Sample co-vari-ance\OT1/cmr/m/n/20.74 : $[](\OML/cmm/m/it
/20.74 X; Y\OT1/cmr/m/n/20.74 ) = [] [][](\OML/cmm/m/it/20.74 x[] \OMS/cmsy/m/n
/20.74 ^^@
 []


Overfull \hbox (3.98529pt too wide) in paragraph at lines 986--987
\OT1/cmr/m/n/20.74 cor-re-la-tion co-ef-fi-cient for the fol-low-ing two vari-
 []

Package atveryend Info: Empty hook `BeforeClearDocument' on input line 1002.
[39]
Package atveryend Info: Empty hook `AfterLastShipout' on input line 1002.
 (./12lecture3BIG.aux)
Package atveryend Info: Executing hook `AtVeryEndDocument' on input line 1002.
Package atveryend Info: Executing hook `AtEndAfterFileList' on input line 1002.



Package rerunfilecheck Warning: File `12lecture3BIG.out' has changed.
(rerunfilecheck)                Rerun to get outlines right
(rerunfilecheck)                or use package `bookmark'.

Package rerunfilecheck Info: Checksums for `12lecture3BIG.out':
(rerunfilecheck)             Before: <no file>
(rerunfilecheck)             After:  B7D8B9FBED8A166112D5E0C191DBDAA5;1070.
Package atveryend Info: Empty hook `AtVeryVeryEnd' on input line 1002.
 ) 
Here is how much of TeX's memory you used:
 6163 strings out of 493633
 89038 string characters out of 3143378
 169458 words of memory out of 3000000
 9254 multiletter control sequences out of 15000+200000
 12540 words of font info for 48 fonts, out of 3000000 for 9000
 831 hyphenation exceptions out of 8191
 34i,11n,28p,259b,494s stack positions out of 5000i,500n,10000p,200000b,50000s
</usr/local/texlive/2011/texmf-dist/fonts/type1/public/amsfonts/cm/cmbx12.pfb
></usr/local/texlive/2011/texmf-dist/fonts/type1/public/amsfonts/cm/cmex10.pfb>
</usr/local/texlive/2011/texmf-dist/fonts/type1/public/amsfonts/cm/cmmi12.pfb><
/usr/local/texlive/2011/texmf-dist/fonts/type1/public/amsfonts/cm/cmr12.pfb></u
sr/local/texlive/2011/texmf-dist/fonts/type1/public/amsfonts/cm/cmr17.pfb></usr
/local/texlive/2011/texmf-dist/fonts/type1/public/amsfonts/cm/cmsl12.pfb></usr/
local/texlive/2011/texmf-dist/fonts/type1/public/amsfonts/cm/cmsy10.pfb></usr/l
ocal/texlive/2011/texmf-dist/fonts/type1/public/amsfonts/cm/cmti12.pfb>
Output written on 12lecture3BIG.pdf (39 pages, 398099 bytes).
PDF statistics:
 361 PDF objects out of 1000 (max. 8388607)
 298 compressed objects within 3 object streams
 147 named destinations out of 1000 (max. 500000)
 36 words of extra memory for PDF output out of 10000 (max. 10000000)

