This is pdfTeX, Version 3.1415926-2.3-1.40.12 (TeX Live 2011) (format=pdflatex 2011.7.3)  16 AUG 2012 08:07
entering extended mode
 \write18 enabled.
 file:line:error style messages enabled.
 %&-line parsing enabled.
**Homework3.tex
(./Homework3.tex
LaTeX2e <2009/09/24>
Babel <v3.8l> and hyphenation patterns for english, dumylang, nohyphenation, ge
rman-x-2009-06-19, ngerman-x-2009-06-19, afrikaans, ancientgreek, ibycus, arabi
c, armenian, basque, bulgarian, catalan, pinyin, coptic, croatian, czech, danis
h, dutch, ukenglish, usenglishmax, esperanto, estonian, ethiopic, farsi, finnis
h, french, galician, german, ngerman, swissgerman, monogreek, greek, hungarian,
 icelandic, assamese, bengali, gujarati, hindi, kannada, malayalam, marathi, or
iya, panjabi, tamil, telugu, indonesian, interlingua, irish, italian, kurmanji,
 lao, latin, latvian, lithuanian, mongolian, mongolianlmc, bokmal, nynorsk, pol
ish, portuguese, romanian, russian, sanskrit, serbian, serbianc, slovak, sloven
ian, spanish, swedish, turkish, turkmen, ukrainian, uppersorbian, welsh, loaded
.
(/usr/local/texlive/2011/texmf-dist/tex/latex/base/article.cls
Document Class: article 2007/10/19 v1.4h Standard LaTeX document class
(/usr/local/texlive/2011/texmf-dist/tex/latex/base/size11.clo
File: size11.clo 2007/10/19 v1.4h Standard LaTeX file (size option)
)
\c@part=\count79
\c@section=\count80
\c@subsection=\count81
\c@subsubsection=\count82
\c@paragraph=\count83
\c@subparagraph=\count84
\c@figure=\count85
\c@table=\count86
\abovecaptionskip=\skip41
\belowcaptionskip=\skip42
\bibindent=\dimen102
)
(/usr/local/texlive/2011/texmf-dist/tex/latex/tools/enumerate.sty
Package: enumerate 1999/03/05 v3.00 enumerate extensions (DPC)
\@enLab=\toks14
)

LaTeX Warning: Unused global option(s):
    [epsfig].

(./Homework3.aux)
\openout1 = `Homework3.aux'.

LaTeX Font Info:    Checking defaults for OML/cmm/m/it on input line 18.
LaTeX Font Info:    ... okay on input line 18.
LaTeX Font Info:    Checking defaults for T1/cmr/m/n on input line 18.
LaTeX Font Info:    ... okay on input line 18.
LaTeX Font Info:    Checking defaults for OT1/cmr/m/n on input line 18.
LaTeX Font Info:    ... okay on input line 18.
LaTeX Font Info:    Checking defaults for OMS/cmsy/m/n on input line 18.
LaTeX Font Info:    ... okay on input line 18.
LaTeX Font Info:    Checking defaults for OMX/cmex/m/n on input line 18.
LaTeX Font Info:    ... okay on input line 18.
LaTeX Font Info:    Checking defaults for U/cmr/m/n on input line 18.
LaTeX Font Info:    ... okay on input line 18.
LaTeX Font Info:    External font `cmex10' loaded for size
(Font)              <10.95> on input line 25.
LaTeX Font Info:    External font `cmex10' loaded for size
(Font)              <8> on input line 25.
LaTeX Font Info:    External font `cmex10' loaded for size
(Font)              <6> on input line 25.

Underfull \hbox (badness 10000) in paragraph at lines 35--37

 []


Underfull \hbox (badness 10000) in paragraph at lines 47--50

 []

[1

{/usr/local/texlive/2011/texmf-var/fonts/map/pdftex/updmap/pdftex.map}]
(./Homework3.aux) ) 
Here is how much of TeX's memory you used:
 244 strings out of 493633
 2770 string characters out of 3143378
 54245 words of memory out of 3000000
 3619 multiletter control sequences out of 15000+200000
 6687 words of font info for 24 fonts, out of 3000000 for 9000
 831 hyphenation exceptions out of 8191
 21i,4n,19p,372b,152s stack positions out of 5000i,500n,10000p,200000b,50000s
</usr/local/texlive/2011/texmf-dist/fonts/type1/public/amsfo
nts/cm/cmbx10.pfb></usr/local/texlive/2011/texmf-dist/fonts/type1/public/amsfon
ts/cm/cmex10.pfb></usr/local/texlive/2011/texmf-dist/fonts/type1/public/amsfont
s/cm/cmmi10.pfb></usr/local/texlive/2011/texmf-dist/fonts/type1/public/amsfonts
/cm/cmmi8.pfb></usr/local/texlive/2011/texmf-dist/fonts/type1/public/amsfonts/c
m/cmr10.pfb></usr/local/texlive/2011/texmf-dist/fonts/type1/public/amsfonts/cm/
cmr6.pfb></usr/local/texlive/2011/texmf-dist/fonts/type1/public/amsfonts/cm/cmr
8.pfb></usr/local/texlive/2011/texmf-dist/fonts/type1/public/amsfonts/cm/cmsy10
.pfb></usr/local/texlive/2011/texmf-dist/fonts/type1/public/amsfonts/cm/cmsy8.p
fb>
Output written on Homework3.pdf (1 page, 86689 bytes).
PDF statistics:
 44 PDF objects out of 1000 (max. 8388607)
 31 compressed objects within 1 object stream
 0 named destinations out of 1000 (max. 500000)
 1 words of extra memory for PDF output out of 10000 (max. 10000000)

